<?xml version="1.0" encoding="UTF-8"?>
<!-- Generated by org.testng.reporters.JUnitXMLReporter -->
<testsuite hostname="DESKTOP-7M67OUT" ignored="0" name="Default test" tests="2" failures="0" timestamp="2020-08-03T23:23:38 EET" time="9.674" errors="0">
  <testcase name="AssertTheProductValue" time="5.732" classname="tests.UserRegistrationTestWithDDTAndExcel"/>
  <testcase name="UserCanRegisterSuccessfully" time="3.491" classname="tests.UserRegistrationTestWithDDTAndExcel"/>
</testsuite> <!-- Default test -->
